<?xml version="1.0" encoding="UTF-8"?>
<testng-results skipped="0" failed="0" ignored="0" total="1" passed="1">
  <reporter-output>
  </reporter-output>
  <suite name="testNG_Exercise_TF.TestNG_Test" duration-ms="21618" started-at="2022-11-22T12:39:18 EST" finished-at="2022-11-22T12:39:39 EST">
    <groups>
    </groups>
    <test name="Command line test" duration-ms="21618" started-at="2022-11-22T12:39:18 EST" finished-at="2022-11-22T12:39:39 EST">
      <class name="testNG_Exercise_TF.TestNG_Test">
        <test-method status="PASS" signature="stratBrowser()[pri:0, instance:testNG_Exercise_TF.TestNG_Test@39c0f4a]" name="stratBrowser" is-config="true" duration-ms="6523" started-at="2022-11-22T12:39:18 EST" finished-at="2022-11-22T12:39:24 EST">
          <reporter-output>
          </reporter-output>
        </test-method> <!-- stratBrowser -->
        <test-method status="PASS" signature="validUserSouldAbleToAddCatagory()[pri:0, instance:testNG_Exercise_TF.TestNG_Test@39c0f4a]" name="validUserSouldAbleToAddCatagory" duration-ms="9156" started-at="2022-11-22T12:39:24 EST" finished-at="2022-11-22T12:39:33 EST">
          <reporter-output>
          </reporter-output>
        </test-method> <!-- validUserSouldAbleToAddCatagory -->
        <test-method status="PASS" signature="tearDown()[pri:0, instance:testNG_Exercise_TF.TestNG_Test@39c0f4a]" name="tearDown" is-config="true" duration-ms="5872" started-at="2022-11-22T12:39:33 EST" finished-at="2022-11-22T12:39:39 EST">
          <reporter-output>
          </reporter-output>
        </test-method> <!-- tearDown -->
      </class> <!-- testNG_Exercise_TF.TestNG_Test -->
    </test> <!-- Command line test -->
  </suite> <!-- testNG_Exercise_TF.TestNG_Test -->
</testng-results>
